Vivado Simulator v2025.1.0
Copyright 1986-2022 Xilinx, Inc. All Rights Reserved.
Copyright 2022-2025 Advanced Micro Devices, Inc. All Rights Reserved.
Running: C:/Xilinx/2025.1/Vivado/bin/unwrapped/win64.o/xelab.exe --incr --debug typical --relax --mt 2 -L xil_defaultlib -L xilinx_vip -L unisims_ver -L secureip --snapshot Pulse_Simulator_FPGA_v2_func_synth xil_defaultlib.Pulse_Simulator_FPGA_v2 xil_defaultlib.glbl -log elaborate.log 
Using 2 slave threads.
Starting static elaboration
Pass Through NonSizing Optimizer
Completed static elaboration
Starting simulation data flow analysis
Completed simulation data flow analysis
Time Resolution for simulation is 1ps
Compiling module unisims_ver.IBUF
Compiling module unisims_ver.OBUF
Compiling module unisims_ver.OBUFT
Compiling module unisims_ver.FDRE_default
Compiling module unisims_ver.LUT6
Compiling module unisims_ver.LUT5
Compiling module unisims_ver.DSP48E2(ALUMODEREG=0,BCASCREG=0,...
Compiling module unisims_ver.FDCE_default
Compiling module unisims_ver.x_lut3_mux8
Compiling module unisims_ver.LUT3
Compiling module unisims_ver.latchsre_ldce
Compiling module unisims_ver.LDCE
Compiling module unisims_ver.x_lut2_mux4
Compiling module unisims_ver.LUT2
Compiling module unisims_ver.LUT4
Compiling module xil_defaultlib.fir_generic_fast
Compiling module xil_defaultlib.fir_generic_fast__parameterized0
Compiling module unisims_ver.CARRY8
Compiling module unisims_ver.x_lut1_mux2
Compiling module unisims_ver.LUT1
Compiling module unisims_ver.FDPE_default
Compiling module xil_defaultlib.pzc_ped_track
Compiling module xil_defaultlib.Energy_Reconstruction
Compiling module unisims_ver.GND
Compiling module xil_defaultlib.clk_vip_0
Compiling module unisims_ver.BUFGCE(CE_TYPE="ASYNC")
Compiling module unisims_ver.BUFGCE
Compiling module unisims_ver.MMCME3_ADV(BANDWIDTH="HIGH",CLKF...
Compiling module xil_defaultlib.clk_wiz_0_clk_wiz
Compiling module xil_defaultlib.clk_wiz_0
Compiling module xil_defaultlib.clip_shaper
Compiling module xil_defaultlib.energy_distribution
Compiling module unisims_ver.MUXF8
Compiling module unisims_ver.MUXF7
Compiling module unisims_ver.SRL16E_default
Compiling module xil_defaultlib.rand_LFSR__parameterized6
Compiling module xil_defaultlib.rand_LFSR__parameterized7
Compiling module xil_defaultlib.rand_LFSR__parameterized8
Compiling module xil_defaultlib.rand_LFSR__parameterized9
Compiling module xil_defaultlib.rand_LFSR__parameterized10
Compiling module xil_defaultlib.rand_LFSR__parameterized11
Compiling module xil_defaultlib.rand_LFSR__parameterized12
Compiling module xil_defaultlib.select_rand__parameterized0_4
Compiling module xil_defaultlib.random_number_generator__paramet...
Compiling module xil_defaultlib.rand_LFSR__parameterized13
Compiling module xil_defaultlib.rand_LFSR__parameterized14
Compiling module xil_defaultlib.rand_LFSR__parameterized15
Compiling module xil_defaultlib.rand_LFSR__parameterized16
Compiling module xil_defaultlib.rand_LFSR__parameterized17
Compiling module xil_defaultlib.rand_LFSR__parameterized18
Compiling module xil_defaultlib.rand_LFSR__parameterized19
Compiling module xil_defaultlib.select_rand__parameterized0_3
Compiling module xil_defaultlib.random_number_generator__paramet...
Compiling module xil_defaultlib.rand_LFSR__parameterized20
Compiling module xil_defaultlib.rand_LFSR__parameterized21
Compiling module xil_defaultlib.rand_LFSR__parameterized22
Compiling module xil_defaultlib.rand_LFSR__parameterized23
Compiling module xil_defaultlib.rand_LFSR__parameterized24
Compiling module xil_defaultlib.rand_LFSR__parameterized25
Compiling module xil_defaultlib.rand_LFSR__parameterized26
Compiling module xil_defaultlib.select_rand__parameterized0_2
Compiling module xil_defaultlib.random_number_generator__paramet...
Compiling module xil_defaultlib.energy_collisions
Compiling module xil_defaultlib.bunch_train_mask
Compiling module xil_defaultlib.hits_positions
Compiling module xil_defaultlib.rand_LFSR
Compiling module xil_defaultlib.rand_LFSR__parameterized0
Compiling module xil_defaultlib.rand_LFSR__parameterized1
Compiling module xil_defaultlib.rand_LFSR__parameterized2
Compiling module xil_defaultlib.rand_LFSR__parameterized3
Compiling module xil_defaultlib.rand_LFSR__parameterized4
Compiling module xil_defaultlib.rand_LFSR__parameterized5
Compiling module xil_defaultlib.select_rand
Compiling module xil_defaultlib.random_number_generator
Compiling module xil_defaultlib.Hits_Bunch_train
Compiling module xil_defaultlib.noise_distribution
Compiling module xil_defaultlib.rand_LFSR__parameterized27
Compiling module xil_defaultlib.rand_LFSR__parameterized28
Compiling module xil_defaultlib.rand_LFSR__parameterized29
Compiling module xil_defaultlib.rand_LFSR__parameterized30
Compiling module xil_defaultlib.rand_LFSR__parameterized31
Compiling module xil_defaultlib.rand_LFSR__parameterized32
Compiling module xil_defaultlib.rand_LFSR__parameterized33
Compiling module xil_defaultlib.select_rand__parameterized0_1
Compiling module xil_defaultlib.random_number_generator__paramet...
Compiling module xil_defaultlib.rand_LFSR__parameterized34
Compiling module xil_defaultlib.rand_LFSR__parameterized35
Compiling module xil_defaultlib.rand_LFSR__parameterized36
Compiling module xil_defaultlib.rand_LFSR__parameterized37
Compiling module xil_defaultlib.rand_LFSR__parameterized38
Compiling module xil_defaultlib.rand_LFSR__parameterized39
Compiling module xil_defaultlib.rand_LFSR__parameterized40
Compiling module xil_defaultlib.select_rand__parameterized0_0
Compiling module xil_defaultlib.random_number_generator__paramet...
Compiling module xil_defaultlib.rand_LFSR__parameterized41
Compiling module xil_defaultlib.rand_LFSR__parameterized42
Compiling module xil_defaultlib.rand_LFSR__parameterized43
Compiling module xil_defaultlib.rand_LFSR__parameterized44
Compiling module xil_defaultlib.rand_LFSR__parameterized45
Compiling module xil_defaultlib.rand_LFSR__parameterized46
Compiling module xil_defaultlib.rand_LFSR__parameterized47
Compiling module xil_defaultlib.select_rand__parameterized0
Compiling module xil_defaultlib.random_number_generator__paramet...
Compiling module xil_defaultlib.rand_LFSR__parameterized48
Compiling module xil_defaultlib.rand_LFSR__parameterized49
Compiling module xil_defaultlib.rand_LFSR__parameterized50
Compiling module xil_defaultlib.rand_LFSR__parameterized51
Compiling module xil_defaultlib.rand_LFSR__parameterized52
Compiling module xil_defaultlib.rand_LFSR__parameterized53
Compiling module xil_defaultlib.rand_LFSR__parameterized54
Compiling module xil_defaultlib.select_rand__parameterized1
Compiling module xil_defaultlib.random_number_generator__paramet...
Compiling module xil_defaultlib.noise_collisions
Compiling module xil_defaultlib.iir_ordem1
Compiling module xil_defaultlib.iir_ordem2
Compiling module xil_defaultlib.iir_ordem2__parameterized0
Compiling module xil_defaultlib.iir_ordem1__parameterized0
Compiling module unisims_ver.DSP48E2(ALUMODEREG=0,BCASCREG=0,...
Compiling module xil_defaultlib.shaper_fenics
Compiling module xil_defaultlib.FPGA_Simulator_v1
Compiling module xil_defaultlib.sw_converter
Compiling module xil_defaultlib.Pulse_Simulator_FPGA_v2
Compiling module xil_defaultlib.glbl
Built simulation snapshot Pulse_Simulator_FPGA_v2_func_synth
