INFO: [VRFC 10-2263] Analyzing Verilog file "C:/REAL_TIME_PULSE_SIM_PZC_CERN/Pulse_Simulator_FPGA_v2/Pulse_Simulator_FPGA_v2.sim/sim_1/synth/func/xsim/Pulse_Simulator_FPGA_v2_func_synth.v" into library xil_defaultlib
INFO: [VRFC 10-311] analyzing module Energy_Reconstruction
INFO: [VRFC 10-311] analyzing module FPGA_Simulator_v1
INFO: [VRFC 10-311] analyzing module Hits_Bunch_train
INFO: [VRFC 10-311] analyzing module Pulse_Simulator_FPGA_v2
INFO: [VRFC 10-311] analyzing module bunch_train_mask
INFO: [VRFC 10-311] analyzing module clip_shaper
INFO: [VRFC 10-311] analyzing module clk_vip_0
INFO: [VRFC 10-311] analyzing module clk_wiz_0
INFO: [VRFC 10-311] analyzing module clk_wiz_0_clk_wiz
INFO: [VRFC 10-311] analyzing module energy_collisions
INFO: [VRFC 10-311] analyzing module energy_distribution
INFO: [VRFC 10-311] analyzing module fir_generic_fast
INFO: [VRFC 10-311] analyzing module fir_generic_fast__parameterized0
INFO: [VRFC 10-311] analyzing module hits_positions
INFO: [VRFC 10-311] analyzing module iir_ordem1
INFO: [VRFC 10-311] analyzing module iir_ordem1__parameterized0
INFO: [VRFC 10-311] analyzing module iir_ordem2
INFO: [VRFC 10-311] analyzing module iir_ordem2__parameterized0
INFO: [VRFC 10-311] analyzing module noise_collisions
INFO: [VRFC 10-311] analyzing module noise_distribution
INFO: [VRFC 10-311] analyzing module pzc_ped_track
INFO: [VRFC 10-311] analyzing module rand_LFSR
INFO: [VRFC 10-311] analyzing module rand_LFSR__parameterized0
INFO: [VRFC 10-311] analyzing module rand_LFSR__parameterized1
INFO: [VRFC 10-311] analyzing module rand_LFSR__parameterized10
INFO: [VRFC 10-311] analyzing module rand_LFSR__parameterized11
INFO: [VRFC 10-311] analyzing module rand_LFSR__parameterized12
INFO: [VRFC 10-311] analyzing module rand_LFSR__parameterized13
INFO: [VRFC 10-311] analyzing module rand_LFSR__parameterized14
INFO: [VRFC 10-311] analyzing module rand_LFSR__parameterized15
INFO: [VRFC 10-311] analyzing module rand_LFSR__parameterized16
INFO: [VRFC 10-311] analyzing module rand_LFSR__parameterized17
INFO: [VRFC 10-311] analyzing module rand_LFSR__parameterized18
INFO: [VRFC 10-311] analyzing module rand_LFSR__parameterized19
INFO: [VRFC 10-311] analyzing module rand_LFSR__parameterized2
INFO: [VRFC 10-311] analyzing module rand_LFSR__parameterized20
INFO: [VRFC 10-311] analyzing module rand_LFSR__parameterized21
INFO: [VRFC 10-311] analyzing module rand_LFSR__parameterized22
INFO: [VRFC 10-311] analyzing module rand_LFSR__parameterized23
INFO: [VRFC 10-311] analyzing module rand_LFSR__parameterized24
INFO: [VRFC 10-311] analyzing module rand_LFSR__parameterized25
INFO: [VRFC 10-311] analyzing module rand_LFSR__parameterized26
INFO: [VRFC 10-311] analyzing module rand_LFSR__parameterized27
INFO: [VRFC 10-311] analyzing module rand_LFSR__parameterized28
INFO: [VRFC 10-311] analyzing module rand_LFSR__parameterized29
INFO: [VRFC 10-311] analyzing module rand_LFSR__parameterized3
INFO: [VRFC 10-311] analyzing module rand_LFSR__parameterized30
INFO: [VRFC 10-311] analyzing module rand_LFSR__parameterized31
INFO: [VRFC 10-311] analyzing module rand_LFSR__parameterized32
INFO: [VRFC 10-311] analyzing module rand_LFSR__parameterized33
INFO: [VRFC 10-311] analyzing module rand_LFSR__parameterized34
INFO: [VRFC 10-311] analyzing module rand_LFSR__parameterized35
INFO: [VRFC 10-311] analyzing module rand_LFSR__parameterized36
INFO: [VRFC 10-311] analyzing module rand_LFSR__parameterized37
INFO: [VRFC 10-311] analyzing module rand_LFSR__parameterized38
INFO: [VRFC 10-311] analyzing module rand_LFSR__parameterized39
INFO: [VRFC 10-311] analyzing module rand_LFSR__parameterized4
INFO: [VRFC 10-311] analyzing module rand_LFSR__parameterized40
INFO: [VRFC 10-311] analyzing module rand_LFSR__parameterized41
INFO: [VRFC 10-311] analyzing module rand_LFSR__parameterized42
INFO: [VRFC 10-311] analyzing module rand_LFSR__parameterized43
INFO: [VRFC 10-311] analyzing module rand_LFSR__parameterized44
INFO: [VRFC 10-311] analyzing module rand_LFSR__parameterized45
INFO: [VRFC 10-311] analyzing module rand_LFSR__parameterized46
INFO: [VRFC 10-311] analyzing module rand_LFSR__parameterized47
INFO: [VRFC 10-311] analyzing module rand_LFSR__parameterized48
INFO: [VRFC 10-311] analyzing module rand_LFSR__parameterized49
INFO: [VRFC 10-311] analyzing module rand_LFSR__parameterized5
INFO: [VRFC 10-311] analyzing module rand_LFSR__parameterized50
INFO: [VRFC 10-311] analyzing module rand_LFSR__parameterized51
INFO: [VRFC 10-311] analyzing module rand_LFSR__parameterized52
INFO: [VRFC 10-311] analyzing module rand_LFSR__parameterized53
INFO: [VRFC 10-311] analyzing module rand_LFSR__parameterized54
INFO: [VRFC 10-311] analyzing module rand_LFSR__parameterized6
INFO: [VRFC 10-311] analyzing module rand_LFSR__parameterized7
INFO: [VRFC 10-311] analyzing module rand_LFSR__parameterized8
INFO: [VRFC 10-311] analyzing module rand_LFSR__parameterized9
INFO: [VRFC 10-311] analyzing module random_number_generator
INFO: [VRFC 10-311] analyzing module random_number_generator__parameterized0
INFO: [VRFC 10-311] analyzing module random_number_generator__parameterized1
INFO: [VRFC 10-311] analyzing module random_number_generator__parameterized2
INFO: [VRFC 10-311] analyzing module random_number_generator__parameterized3
INFO: [VRFC 10-311] analyzing module random_number_generator__parameterized4
INFO: [VRFC 10-311] analyzing module random_number_generator__parameterized5
INFO: [VRFC 10-311] analyzing module random_number_generator__parameterized6
INFO: [VRFC 10-311] analyzing module select_rand
INFO: [VRFC 10-311] analyzing module select_rand__parameterized0
INFO: [VRFC 10-311] analyzing module select_rand__parameterized0_0
INFO: [VRFC 10-311] analyzing module select_rand__parameterized0_1
INFO: [VRFC 10-311] analyzing module select_rand__parameterized0_2
INFO: [VRFC 10-311] analyzing module select_rand__parameterized0_3
INFO: [VRFC 10-311] analyzing module select_rand__parameterized0_4
INFO: [VRFC 10-311] analyzing module select_rand__parameterized1
INFO: [VRFC 10-311] analyzing module shaper_fenics
INFO: [VRFC 10-311] analyzing module sw_converter
INFO: [VRFC 10-311] analyzing module glbl
