Vivado Simulator v2025.2
Copyright 1986-2022 Xilinx, Inc. All Rights Reserved.
Copyright 2022-2025 Advanced Micro Devices, Inc. All Rights Reserved.
Running: C:/AMDDesignTools/2025.2/Vivado/bin/unwrapped/win64.o/xelab.exe --incr --debug typical --relax --mt 2 -L xil_defaultlib -L unisims_ver -L unimacro_ver -L secureip -L xpm --snapshot Pulse_Simulator_FPGA_v2_tb_behav xil_defaultlib.Pulse_Simulator_FPGA_v2_tb xil_defaultlib.glbl -log elaborate.log 
Using 2 slave threads.
Starting static elaboration
Pass Through NonSizing Optimizer
Completed static elaboration
Starting simulation data flow analysis
Completed simulation data flow analysis
Time Resolution for simulation is 1ps
Compiling package std.standard
Compiling package std.textio
Compiling package ieee.std_logic_1164
Compiling module unisims_ver.IBUFDS
Compiling module unisims_ver.MMCME3_ADV(CLKFBOUT_MULT_F=8.0,C...
Compiling module unisims_ver.BUFG
Compiling module xil_defaultlib.clk_wiz_0_clk_wiz
Compiling module xil_defaultlib.clk_wiz_0
Compiling module xil_defaultlib.sw_converter(OUT_SIZE_PED=13)
Compiling module xil_defaultlib.rand_LFSR(LFSR_BITS=42)
Compiling module xil_defaultlib.select_rand(num_rands=7)
Compiling module xil_defaultlib.random_number_generator
Compiling module xil_defaultlib.hits_positions
Compiling module xil_defaultlib.bunch_train_mask
Compiling module xil_defaultlib.Hits_Bunch_train
Compiling module xil_defaultlib.rand_LFSR(DATA_OUT_SIZE=10,LFSR_...
Compiling module xil_defaultlib.select_rand(num_rands=7,DATA_OUT...
Compiling module xil_defaultlib.random_number_generator(RAND_OUT...
Compiling module xil_defaultlib.random_number_generator(RAND_OUT...
Compiling module xil_defaultlib.random_number_generator(RAND_OUT...
Compiling module xil_defaultlib.energy_distribution(ENG_OUT_BITS...
Compiling module xil_defaultlib.energy_collisions(ENG_OUT_BITS=1...
Compiling module xil_defaultlib.iir_ordem1(BITS_IN=13)
Compiling module xil_defaultlib.iir_ordem2(BITS_IN=13)
Compiling module xil_defaultlib.shaper_fenics(BITS_IN=13)
Compiling module xil_defaultlib.random_number_generator(RAND_OUT...
Compiling module xil_defaultlib.random_number_generator(RAND_OUT...
Compiling module xil_defaultlib.random_number_generator(RAND_OUT...
Compiling module xil_defaultlib.rand_LFSR(DATA_OUT_SIZE=1,LFSR_B...
Compiling module xil_defaultlib.select_rand(num_rands=7,DATA_OUT...
Compiling module xil_defaultlib.random_number_generator(RAND_OUT...
Compiling module xil_defaultlib.noise_distribution(NOISE_OUT_BIT...
Compiling module xil_defaultlib.noise_collisions(NOISE_OUT_BITS=...
Compiling module xil_defaultlib.clip_shaper(BITS_IN=30)
Compiling module xil_defaultlib.FPGA_Simulator_v1(CLIP_OUT_BITS=...
Compiling module xil_defaultlib.pzc_ped_track(NBITS_IN=13,NBITS_...
Compiling architecture behavioral of entity xil_defaultlib.strobe_aligner [strobe_aligner_default]
Compiling module xil_defaultlib.fir_generic_fast_stb(NBDATA=29,N...
Compiling module xil_defaultlib.Energy_Reconstruction(CLIP_OUT_B...
Compiling module xil_defaultlib.Pulse_Simulator_FPGA_v2_default
Compiling module xil_defaultlib.Pulse_Simulator_FPGA_v2_tb
Compiling module xil_defaultlib.glbl
Built simulation snapshot Pulse_Simulator_FPGA_v2_tb_behav
