INFO: [VRFC 10-2263] Analyzing Verilog file "C:/Users/tmdb/Documents/shaper-fenics-FPGA/Pulse_Simulator_FPGA_v2.gen/sources_1/ip/clk_wiz_0/clk_wiz_0_clk_wiz.v" into library xil_defaultlib
INFO: [VRFC 10-311] analyzing module clk_wiz_0_clk_wiz
INFO: [VRFC 10-2263] Analyzing Verilog file "C:/Users/tmdb/Documents/shaper-fenics-FPGA/Pulse_Simulator_FPGA_v2.gen/sources_1/ip/clk_wiz_0/clk_wiz_0.v" into library xil_defaultlib
INFO: [VRFC 10-311] analyzing module clk_wiz_0
INFO: [VRFC 10-2263] Analyzing Verilog file "C:/Users/tmdb/Documents/shaper-fenics-FPGA/verilog_src/energy_reconstruction/Energy_Reconstruction.v" into library xil_defaultlib
INFO: [VRFC 10-311] analyzing module Energy_Reconstruction
INFO: [VRFC 10-2263] Analyzing Verilog file "C:/Users/tmdb/Documents/shaper-fenics-FPGA/verilog_src/simulator/FPGA_Simulator_v1.v" into library xil_defaultlib
INFO: [VRFC 10-311] analyzing module FPGA_Simulator_v1
INFO: [VRFC 10-2263] Analyzing Verilog file "C:/Users/tmdb/Documents/shaper-fenics-FPGA/verilog_src/simulator/Hits_Bunch_train.v" into library xil_defaultlib
INFO: [VRFC 10-311] analyzing module Hits_Bunch_train
INFO: [VRFC 10-2263] Analyzing Verilog file "C:/Users/tmdb/Documents/shaper-fenics-FPGA/verilog_src/simulator/Pulse_Simulator_FPGA_v2.v" into library xil_defaultlib
INFO: [VRFC 10-311] analyzing module Pulse_Simulator_FPGA_v2
WARNING: [VRFC 10-3380] identifier 'wiener_pzc_out' is used before its declaration [C:/Users/tmdb/Documents/shaper-fenics-FPGA/verilog_src/simulator/Pulse_Simulator_FPGA_v2.v:92]
WARNING: [VRFC 10-3380] identifier 'bt_mask_out_reg' is used before its declaration [C:/Users/tmdb/Documents/shaper-fenics-FPGA/verilog_src/simulator/Pulse_Simulator_FPGA_v2.v:94]
WARNING: [VRFC 10-3380] identifier 'adc_out_reg' is used before its declaration [C:/Users/tmdb/Documents/shaper-fenics-FPGA/verilog_src/simulator/Pulse_Simulator_FPGA_v2.v:95]
WARNING: [VRFC 10-3380] identifier 'pzc_out_reg' is used before its declaration [C:/Users/tmdb/Documents/shaper-fenics-FPGA/verilog_src/simulator/Pulse_Simulator_FPGA_v2.v:96]
WARNING: [VRFC 10-3380] identifier 'wiener_normal_out_reg' is used before its declaration [C:/Users/tmdb/Documents/shaper-fenics-FPGA/verilog_src/simulator/Pulse_Simulator_FPGA_v2.v:97]
WARNING: [VRFC 10-3380] identifier 'pedestal_out_reg' is used before its declaration [C:/Users/tmdb/Documents/shaper-fenics-FPGA/verilog_src/simulator/Pulse_Simulator_FPGA_v2.v:98]
WARNING: [VRFC 10-3380] identifier 'event_bt_reg' is used before its declaration [C:/Users/tmdb/Documents/shaper-fenics-FPGA/verilog_src/simulator/Pulse_Simulator_FPGA_v2.v:99]
WARNING: [VRFC 10-3380] identifier 'pzc_out_13b_reg' is used before its declaration [C:/Users/tmdb/Documents/shaper-fenics-FPGA/verilog_src/simulator/Pulse_Simulator_FPGA_v2.v:100]
INFO: [VRFC 10-2263] Analyzing Verilog file "C:/Users/tmdb/Documents/shaper-fenics-FPGA/verilog_src/simulator/bunch_train_mask.v" into library xil_defaultlib
INFO: [VRFC 10-311] analyzing module bunch_train_mask
INFO: [VRFC 10-2263] Analyzing Verilog file "C:/Users/tmdb/Documents/shaper-fenics-FPGA/verilog_src/simulator/clip_shaper.v" into library xil_defaultlib
INFO: [VRFC 10-311] analyzing module clip_shaper
INFO: [VRFC 10-2263] Analyzing Verilog file "C:/Users/tmdb/Documents/shaper-fenics-FPGA/verilog_src/simulator/energy_collisions.v" into library xil_defaultlib
INFO: [VRFC 10-311] analyzing module energy_collisions
INFO: [VRFC 10-2263] Analyzing Verilog file "C:/Users/tmdb/Documents/shaper-fenics-FPGA/verilog_src/simulator/energy_distribution.v" into library xil_defaultlib
INFO: [VRFC 10-311] analyzing module energy_distribution
INFO: [VRFC 10-2263] Analyzing Verilog file "C:/Users/tmdb/Documents/shaper-fenics-FPGA/Pulse_Simulator_FPGA_v2.srcs/sources_1/new/fir_generic_fast_stb.v" into library xil_defaultlib
INFO: [VRFC 10-311] analyzing module fir_generic_fast_stb
WARNING: [VRFC 10-2096] empty statement in sequential block [C:/Users/tmdb/Documents/shaper-fenics-FPGA/Pulse_Simulator_FPGA_v2.srcs/sources_1/new/fir_generic_fast_stb.v:136]
INFO: [VRFC 10-2263] Analyzing Verilog file "C:/Users/tmdb/Documents/shaper-fenics-FPGA/verilog_src/simulator/hits_positions.v" into library xil_defaultlib
INFO: [VRFC 10-311] analyzing module hits_positions
INFO: [VRFC 10-2263] Analyzing Verilog file "C:/Users/tmdb/Documents/shaper-fenics-FPGA/verilog_src/simulator/iir_ordem1.v" into library xil_defaultlib
INFO: [VRFC 10-311] analyzing module iir_ordem1
INFO: [VRFC 10-2263] Analyzing Verilog file "C:/Users/tmdb/Documents/shaper-fenics-FPGA/verilog_src/simulator/iir_ordem2.v" into library xil_defaultlib
INFO: [VRFC 10-311] analyzing module iir_ordem2
INFO: [VRFC 10-2263] Analyzing Verilog file "C:/Users/tmdb/Documents/shaper-fenics-FPGA/verilog_src/simulator/noise_collisions.v" into library xil_defaultlib
INFO: [VRFC 10-311] analyzing module noise_collisions
INFO: [VRFC 10-2263] Analyzing Verilog file "C:/Users/tmdb/Documents/shaper-fenics-FPGA/verilog_src/simulator/noise_distribution.v" into library xil_defaultlib
INFO: [VRFC 10-311] analyzing module noise_distribution
INFO: [VRFC 10-2263] Analyzing Verilog file "C:/Users/tmdb/Documents/shaper-fenics-FPGA/verilog_src/energy_reconstruction/pzc_ped_track.v" into library xil_defaultlib
INFO: [VRFC 10-311] analyzing module pzc_ped_track
INFO: [VRFC 10-2263] Analyzing Verilog file "C:/Users/tmdb/Documents/shaper-fenics-FPGA/verilog_src/simulator/rand_LFSR.v" into library xil_defaultlib
INFO: [VRFC 10-311] analyzing module rand_LFSR
INFO: [VRFC 10-2263] Analyzing Verilog file "C:/Users/tmdb/Documents/shaper-fenics-FPGA/verilog_src/simulator/random_number_generator.v" into library xil_defaultlib
INFO: [VRFC 10-311] analyzing module random_number_generator
INFO: [VRFC 10-2263] Analyzing Verilog file "C:/Users/tmdb/Documents/shaper-fenics-FPGA/verilog_src/simulator/select_rand.v" into library xil_defaultlib
INFO: [VRFC 10-311] analyzing module select_rand
INFO: [VRFC 10-2263] Analyzing Verilog file "C:/Users/tmdb/Documents/shaper-fenics-FPGA/verilog_src/simulator/shaper_fenics.v" into library xil_defaultlib
INFO: [VRFC 10-311] analyzing module shaper_fenics
INFO: [VRFC 10-2263] Analyzing Verilog file "C:/Users/tmdb/Documents/shaper-fenics-FPGA/verilog_src/simulator/sw_converter.v" into library xil_defaultlib
INFO: [VRFC 10-311] analyzing module sw_converter
INFO: [VRFC 10-2263] Analyzing Verilog file "C:/Users/tmdb/Documents/shaper-fenics-FPGA/Pulse_Simulator_FPGA_v2.srcs/sim_1/new/Pulse_Simulator_FPGA_v2_tb.v" into library xil_defaultlib
INFO: [VRFC 10-311] analyzing module Pulse_Simulator_FPGA_v2_tb
